[16:56:04] [main/INFO] (FabricLoader/GameProvider) Loading Minecraft 1.21.5 with Fabric Loader 0.16.14
[16:56:05] [main/INFO] (FabricLoader) Loading 55 mods:
	- fabric-api 0.128.1+1.21.5
	- fabric-api-base 0.4.62+73a52b4b49
	- fabric-api-lookup-api-v1 1.6.96+86c3a9f149
	- fabric-biome-api-v1 16.0.7+2dd063df49
	- fabric-block-api-v1 1.1.0+ed91556f49
	- fabric-block-view-api-v2 1.0.26+aa6d566c49
	- fabric-blockrenderlayer-v1 2.0.16+86c3a9f149
	- fabric-client-gametest-api-v1 4.2.0+dac2d6e349
	- fabric-client-tags-api-v1 1.1.37+86c3a9f149
	- fabric-command-api-v1 1.2.70+f71b366f49
	- fabric-command-api-v2 2.2.49+73a52b4b49
	- fabric-commands-v0 0.2.87+df3654b349
	- fabric-content-registries-v0 10.0.14+3e6c1f7d49
	- fabric-convention-tags-v1 2.1.33+7f945d5b49
	- fabric-convention-tags-v2 2.15.2+6d9989f349
	- fabric-crash-report-info-v1 0.3.12+86c3a9f149
	- fabric-data-attachment-api-v1 1.8.5+6d9989f349
	- fabric-data-generation-api-v1 22.5.2+a0fab30c49
	- fabric-dimensions-v1 4.0.17+3e6c1f7d49
	- fabric-entity-events-v1 2.1.0+3ce7866349
	- fabric-events-interaction-v0 4.0.15+64e3057949
	- fabric-game-rule-api-v1 1.0.70+c327076a49
	- fabric-gametest-api-v1 3.1.3+2a6ec84b49
	- fabric-item-api-v1 11.4.1+e46fd76a49
	- fabric-item-group-api-v1 4.2.9+3459fc6149
	- fabric-key-binding-api-v1 1.0.63+ecf51cdc49
	- fabric-keybindings-v0 0.2.61+df3654b349
	- fabric-lifecycle-events-v1 2.6.0+230071a049
	- fabric-loot-api-v2 3.0.48+3f89f5a549
	- fabric-loot-api-v3 1.0.36+86c3a9f149
	- fabric-message-api-v1 6.1.0+fe971bba49
	- fabric-model-loading-api-v1 5.2.3+5281b90749
	- fabric-networking-api-v1 4.5.0+775be32c49
	- fabric-object-builder-api-v1 21.1.2+b8d6ba7049
	- fabric-particles-v1 4.1.2+112e550e49
	- fabric-recipe-api-v1 8.1.8+3235ab3249
	- fabric-registry-sync-v0 6.1.22+cd64004349
	- fabric-renderer-api-v1 6.1.2+bdf4842249
	- fabric-renderer-indigo 3.1.2+5281b90749
	- fabric-rendering-data-attachment-v1 0.3.64+73761d2e49
	- fabric-rendering-fluids-v1 3.1.27+86c3a9f149
	- fabric-rendering-v1 11.3.0+a272b33849
	- fabric-resource-conditions-api-v1 5.0.21+73a52b4b49
	- fabric-resource-loader-v0 3.1.7+847e5f5c49
	- fabric-screen-api-v1 2.0.46+86c3a9f149
	- fabric-screen-handler-api-v1 1.3.129+c327076a49
	- fabric-sound-api-v1 1.0.38+86c3a9f149
	- fabric-tag-api-v1 1.0.17+ecf51cdc49
	- fabric-transfer-api-v1 5.4.24+7b20cbb049
	- fabric-transitive-access-wideners-v1 6.3.17+f17a180c49
	- fabricloader 0.16.14
	- java 21
	- mcguieditor 1.0-SNAPSHOT
	- minecraft 1.21.5
	- mixinextras 0.4.1
[16:56:05] [main/INFO] (FabricLoader/Mixin) SpongePowered MIXIN Subsystem Version=0.8.7 Source=file:/C:/Users/kravp/.gradle/caches/modules-2/files-2.1/net.fabricmc/sponge-mixin/0.15.5+mixin.0.8.7/22f9eb729e216a091673a574a5906dc1b9027fb3/sponge-mixin-0.15.5+mixin.0.8.7.jar Service=Knot/Fabric Env=CLIENT
[16:56:06] [main/INFO] (FabricLoader/Mixin) Loaded Fabric development mappings for mixin remapper!
[16:56:06] [main/INFO] (FabricLoader/Mixin) Compatibility level set to JAVA_21
[16:56:08] [main/INFO] (FabricLoader/MixinExtras|Service) Initializing MixinExtras via com.llamalad7.mixinextras.service.MixinExtrasServiceImpl(version=0.4.1).
[16:56:13] [Datafixer Bootstrap/INFO] (Minecraft) 263 Datafixer optimizations took 2771 milliseconds
[16:56:27] [Render thread/INFO] (Minecraft) Environment: Environment[sessionHost=https://sessionserver.mojang.com, servicesHost=https://api.minecraftservices.com, name=PROD]
[16:56:27] [Render thread/INFO] (Minecraft) Setting user: Player728
[16:56:28] [Render thread/INFO] (Indigo) [Indigo] Registering Indigo renderer!
[16:56:29] [Render thread/INFO] (Minecraft) Backend library: LWJGL version 3.3.4-snapshot
[16:56:31] [Render thread/INFO] (Minecraft) Using optional rendering extensions: GL_KHR_debug, GL_ARB_vertex_attrib_binding, GL_ARB_direct_state_access
[16:56:32] [Render thread/INFO] (Minecraft) [STDOUT]: net.minecraft.client.gui.widget.NarratedMultilineTextWidget is instanceof Widget
[16:56:33] [Render thread/INFO] (Minecraft) Reloading ResourceManager: vanilla, fabric, fabric-api, fabric-api-base, fabric-api-lookup-api-v1, fabric-biome-api-v1, fabric-block-api-v1, fabric-block-view-api-v2, fabric-blockrenderlayer-v1, fabric-client-gametest-api-v1, fabric-client-tags-api-v1, fabric-command-api-v1, fabric-command-api-v2, fabric-commands-v0, fabric-content-registries-v0, fabric-convention-tags-v1, fabric-convention-tags-v2, fabric-crash-report-info-v1, fabric-data-attachment-api-v1, fabric-data-generation-api-v1, fabric-dimensions-v1, fabric-entity-events-v1, fabric-events-interaction-v0, fabric-game-rule-api-v1, fabric-gametest-api-v1, fabric-item-api-v1, fabric-item-group-api-v1, fabric-key-binding-api-v1, fabric-keybindings-v0, fabric-lifecycle-events-v1, fabric-loot-api-v2, fabric-loot-api-v3, fabric-message-api-v1, fabric-model-loading-api-v1, fabric-networking-api-v1, fabric-object-builder-api-v1, fabric-particles-v1, fabric-recipe-api-v1, fabric-registry-sync-v0, fabric-renderer-api-v1, fabric-renderer-indigo, fabric-rendering-data-attachment-v1, fabric-rendering-fluids-v1, fabric-rendering-v1, fabric-resource-conditions-api-v1, fabric-resource-loader-v0, fabric-screen-api-v1, fabric-screen-handler-api-v1, fabric-sound-api-v1, fabric-tag-api-v1, fabric-transfer-api-v1, fabric-transitive-access-wideners-v1, fabricloader
[16:56:33] [Worker-Main-1/INFO] (Minecraft) Found unifont_all_no_pua-16.0.01.hex, loading
[16:56:34] [Worker-Main-6/INFO] (Minecraft) Found unifont_jp_patch-16.0.01.hex, loading
[16:56:37] [Render thread/WARN] (Minecraft) Found unknown and unsupported uniform Sampler1 in minecraft:pipeline/entity_no_outline
[16:56:37] [Download-1/INFO] (Minecraft) Could not authorize you against Realms server: java.lang.RuntimeException: Failed to parse into SignedJWT: FabricMC
[16:56:37] [Render thread/WARN] (Minecraft) Found unknown and unsupported uniform Sampler1 in minecraft:pipeline/armor_translucent
[16:56:37] [Render thread/WARN] (Minecraft) Found unknown and unsupported uniform Sampler1 in minecraft:pipeline/breeze_wind
[16:56:37] [Download-1/ERROR] (Minecraft) Failed to fetch Realms feature flags
net.minecraft.client.realms.exception.RealmsServiceException: Realms authentication error with message 'java.lang.RuntimeException: Failed to parse into SignedJWT: FabricMC'
	at knot/net.minecraft.client.realms.RealmsClient.execute(RealmsClient.java:465) ~[minecraft-merged-736b6061eb-1.21.5-net.fabricmc.yarn.1_21_5.1.21.5+build.1-v2.jar:?]
	at knot/net.minecraft.client.realms.RealmsClient.fetchFeatureFlags(RealmsClient.java:149) ~[minecraft-merged-736b6061eb-1.21.5-net.fabricmc.yarn.1_21_5.1.21.5+build.1-v2.jar:?]
	at java.base/java.util.concurrent.CompletableFuture$AsyncSupply.run(CompletableFuture.java:1768) ~[?:?]
	at java.base/java.util.concurrent.ThreadPoolExecutor.runWorker(ThreadPoolExecutor.java:1144) ~[?:?]
	at java.base/java.util.concurrent.ThreadPoolExecutor$Worker.run(ThreadPoolExecutor.java:642) ~[?:?]
	at java.base/java.lang.Thread.run(Thread.java:1583) [?:?]
[16:56:37] [Render thread/WARN] (Minecraft) Found unknown and unsupported uniform Sampler1 in minecraft:pipeline/armor_cutout_no_cull
[16:56:37] [Render thread/WARN] (Minecraft) Found unknown and unsupported uniform Sampler1 in minecraft:pipeline/eyes
[16:56:37] [Render thread/WARN] (Minecraft) Found unknown and unsupported uniform Sampler2 in minecraft:pipeline/eyes
[16:56:37] [Render thread/WARN] (Minecraft) Found unknown and unsupported uniform Sampler1 in minecraft:pipeline/energy_swirl
[16:56:37] [Render thread/WARN] (Minecraft) Found unknown and unsupported uniform Sampler2 in minecraft:pipeline/energy_swirl
[16:56:37] [Render thread/WARN] (Minecraft) Found unknown and unsupported uniform Sampler1 in minecraft:pipeline/armor_decal_cutout_no_cull
[16:56:38] [Render thread/INFO] (Minecraft) OpenAL initialized on device OpenAL Soft on Speaker (Realtek(R) Audio)
[16:56:38] [Render thread/INFO] (Minecraft) Sound engine started
[16:56:38] [Render thread/INFO] (Minecraft) Created: 1024x512x4 minecraft:textures/atlas/blocks.png-atlas
[16:56:40] [Render thread/INFO] (Minecraft) Created: 256x256x4 minecraft:textures/atlas/signs.png-atlas
[16:56:40] [Render thread/INFO] (Minecraft) Created: 512x512x4 minecraft:textures/atlas/banner_patterns.png-atlas
[16:56:40] [Render thread/INFO] (Minecraft) Created: 512x512x4 minecraft:textures/atlas/shield_patterns.png-atlas
[16:56:40] [Render thread/INFO] (Minecraft) Created: 2048x1024x4 minecraft:textures/atlas/armor_trims.png-atlas
[16:56:40] [Render thread/INFO] (Minecraft) Created: 256x256x4 minecraft:textures/atlas/chest.png-atlas
[16:56:40] [Render thread/INFO] (Minecraft) Created: 128x64x4 minecraft:textures/atlas/decorated_pot.png-atlas
[16:56:40] [Render thread/INFO] (Minecraft) Created: 512x256x4 minecraft:textures/atlas/beds.png-atlas
[16:56:40] [Render thread/INFO] (Minecraft) Created: 512x256x4 minecraft:textures/atlas/shulker_boxes.png-atlas
[16:56:40] [Render thread/INFO] (Minecraft) Created: 64x64x0 minecraft:textures/atlas/map_decorations.png-atlas
[16:56:41] [Render thread/INFO] (Minecraft) Created: 512x256x0 minecraft:textures/atlas/particles.png-atlas
[16:56:41] [Render thread/INFO] (Minecraft) Created: 512x256x0 minecraft:textures/atlas/paintings.png-atlas
[16:56:41] [Render thread/INFO] (Minecraft) Created: 256x128x0 minecraft:textures/atlas/mob_effects.png-atlas
[16:56:41] [Render thread/INFO] (Minecraft) Created: 1024x512x0 minecraft:textures/atlas/gui.png-atlas
[16:56:41] [Render thread/INFO] (Minecraft) [STDOUT]: net.minecraft.client.gui.widget.ButtonWidget is instanceof Widget
[16:56:41] [Render thread/INFO] (Minecraft) [STDOUT]: net.minecraft.client.gui.widget.ButtonWidget is instanceof Widget
[16:56:41] [Render thread/INFO] (Minecraft) [STDOUT]: net.minecraft.client.gui.widget.ButtonWidget is instanceof Widget
[16:56:41] [Render thread/INFO] (Minecraft) [STDOUT]: net.minecraft.client.gui.widget.TextIconButtonWidget$IconOnly is NOT instanceof Widget
[16:56:41] [Render thread/INFO] (Minecraft) [STDOUT]: net.minecraft.client.gui.widget.ButtonWidget is instanceof Widget
[16:56:41] [Render thread/INFO] (Minecraft) [STDOUT]: net.minecraft.client.gui.widget.ButtonWidget is instanceof Widget
[16:56:41] [Render thread/INFO] (Minecraft) [STDOUT]: net.minecraft.client.gui.widget.TextIconButtonWidget$IconOnly is NOT instanceof Widget
[16:56:41] [Render thread/INFO] (Minecraft) [STDOUT]: net.minecraft.client.gui.widget.PressableTextWidget is instanceof Widget
[16:56:41] [Render thread/INFO] (Minecraft) [STDOUT]: net.minecraft.client.gui.widget.ButtonWidget is instanceof Widget
[16:56:41] [Render thread/INFO] (Minecraft) [STDOUT]: net.minecraft.client.gui.widget.ButtonWidget is instanceof Widget
[16:56:41] [Render thread/INFO] (Minecraft) [STDOUT]: net.minecraft.client.gui.widget.ButtonWidget is instanceof Widget
[16:56:41] [Render thread/INFO] (Minecraft) [STDOUT]: net.minecraft.client.gui.widget.TextIconButtonWidget$IconOnly is NOT instanceof Widget
[16:56:41] [Render thread/INFO] (Minecraft) [STDOUT]: net.minecraft.client.gui.widget.ButtonWidget is instanceof Widget
[16:56:41] [Render thread/INFO] (Minecraft) [STDOUT]: net.minecraft.client.gui.widget.ButtonWidget is instanceof Widget
[16:56:41] [Render thread/INFO] (Minecraft) [STDOUT]: net.minecraft.client.gui.widget.TextIconButtonWidget$IconOnly is NOT instanceof Widget
[16:56:41] [Render thread/INFO] (Minecraft) [STDOUT]: net.minecraft.client.gui.widget.PressableTextWidget is instanceof Widget
[16:56:43] [Render thread/INFO] (Minecraft) OpenGL debug message: id=1282, source=API, type=ERROR, severity=HIGH, message='Error has been generated. GL error GL_INVALID_OPERATION in (null): (ID: 173538523) Generic error'
[16:56:43] [Render thread/INFO] (Minecraft) OpenGL debug message: id=1282, source=API, type=ERROR, severity=HIGH, message='Error has been generated. GL error GL_INVALID_OPERATION in (null): (ID: 173538523) Generic error'
[16:56:43] [Render thread/INFO] (Minecraft) OpenGL debug message: id=1282, source=API, type=ERROR, severity=HIGH, message='Error has been generated. GL error GL_INVALID_OPERATION in (null): (ID: 173538523) Generic error'
[16:56:43] [Render thread/INFO] (Minecraft) OpenGL debug message: id=1282, source=API, type=ERROR, severity=HIGH, message='Error has been generated. GL error GL_INVALID_OPERATION in (null): (ID: 173538523) Generic error'
[17:01:59] [Render thread/INFO] (Minecraft) [STDOUT]: net.minecraft.client.gui.widget.TextWidget is instanceof Widget
[17:01:59] [Render thread/INFO] (Minecraft) [STDOUT]: net.minecraft.client.option.SimpleOption$OptionSliderWidgetImpl is instanceof Widget
[17:01:59] [Render thread/INFO] (Minecraft) [STDOUT]: net.minecraft.client.gui.widget.ButtonWidget is instanceof Widget
[17:01:59] [Render thread/INFO] (Minecraft) [STDOUT]: net.minecraft.client.gui.widget.ButtonWidget is instanceof Widget
[17:01:59] [Render thread/INFO] (Minecraft) [STDOUT]: net.minecraft.client.gui.widget.ButtonWidget is instanceof Widget
[17:01:59] [Render thread/INFO] (Minecraft) [STDOUT]: net.minecraft.client.gui.widget.ButtonWidget is instanceof Widget
[17:01:59] [Render thread/INFO] (Minecraft) [STDOUT]: net.minecraft.client.gui.widget.ButtonWidget is instanceof Widget
[17:01:59] [Render thread/INFO] (Minecraft) [STDOUT]: net.minecraft.client.gui.widget.ButtonWidget is instanceof Widget
[17:01:59] [Render thread/INFO] (Minecraft) [STDOUT]: net.minecraft.client.gui.widget.ButtonWidget is instanceof Widget
[17:01:59] [Render thread/INFO] (Minecraft) [STDOUT]: net.minecraft.client.gui.widget.ButtonWidget is instanceof Widget
[17:01:59] [Render thread/INFO] (Minecraft) [STDOUT]: net.minecraft.client.gui.widget.ButtonWidget is instanceof Widget
[17:01:59] [Render thread/INFO] (Minecraft) [STDOUT]: net.minecraft.client.gui.widget.ButtonWidget is instanceof Widget
[17:01:59] [Render thread/INFO] (Minecraft) [STDOUT]: net.minecraft.client.gui.widget.ButtonWidget is instanceof Widget
[17:01:59] [Render thread/INFO] (Minecraft) [STDOUT]: net.minecraft.client.gui.widget.ButtonWidget is instanceof Widget
[17:02:02] [Render thread/INFO] (Minecraft) [STDOUT]: New thingy
[17:02:02] [Render thread/INFO] (Minecraft) [STDOUT]: navigationOrder: 0, position: 924.0, 24.0
[17:02:02] [Render thread/INFO] (Minecraft) [STDOUT]: navigationOrder: 1, position: 652.0, 58.0
[17:02:02] [Render thread/INFO] (Minecraft) [STDOUT]: navigationOrder: 2, position: 968.0, 58.0
[17:02:02] [Render thread/INFO] (Minecraft) [STDOUT]: navigationOrder: 3, position: 652.0, 182.0
[17:02:02] [Render thread/INFO] (Minecraft) [STDOUT]: navigationOrder: 4, position: 968.0, 182.0
[17:02:02] [Render thread/INFO] (Minecraft) [STDOUT]: navigationOrder: 5, position: 652.0, 230.0
[17:02:02] [Render thread/INFO] (Minecraft) [STDOUT]: navigationOrder: 6, position: 968.0, 230.0
[17:02:02] [Render thread/INFO] (Minecraft) [STDOUT]: navigationOrder: 7, position: 652.0, 278.0
[17:02:02] [Render thread/INFO] (Minecraft) [STDOUT]: navigationOrder: 8, position: 1373.0, 297.0
[17:02:02] [Render thread/INFO] (Minecraft) [STDOUT]: navigationOrder: 9, position: 652.0, 326.0
[17:02:02] [Render thread/INFO] (Minecraft) [STDOUT]: navigationOrder: 10, position: 968.0, 326.0
[17:02:02] [Render thread/INFO] (Minecraft) [STDOUT]: navigationOrder: 11, position: 652.0, 374.0
[17:02:02] [Render thread/INFO] (Minecraft) [STDOUT]: navigationOrder: 12, position: 968.0, 374.0
[17:02:02] [Render thread/INFO] (Minecraft) [STDOUT]: navigationOrder: 13, position: 760.0, 1000.0
[17:02:04] [Render thread/INFO] (Minecraft) [STDOUT]: New thingy
[17:02:04] [Render thread/INFO] (Minecraft) [STDOUT]: navigationOrder: 0, position: 924.0, 24.0
[17:02:04] [Render thread/INFO] (Minecraft) [STDOUT]: navigationOrder: 1, position: 652.0, 58.0
[17:02:04] [Render thread/INFO] (Minecraft) [STDOUT]: navigationOrder: 2, position: 968.0, 58.0
[17:02:04] [Render thread/INFO] (Minecraft) [STDOUT]: navigationOrder: 3, position: 652.0, 182.0
[17:02:04] [Render thread/INFO] (Minecraft) [STDOUT]: navigationOrder: 4, position: 968.0, 182.0
[17:02:04] [Render thread/INFO] (Minecraft) [STDOUT]: navigationOrder: 5, position: 652.0, 230.0
[17:02:04] [Render thread/INFO] (Minecraft) [STDOUT]: navigationOrder: 6, position: 968.0, 230.0
[17:02:04] [Render thread/INFO] (Minecraft) [STDOUT]: navigationOrder: 7, position: 652.0, 278.0
[17:02:04] [Render thread/INFO] (Minecraft) [STDOUT]: navigationOrder: 8, position: 1344.0, 416.0
[17:02:04] [Render thread/INFO] (Minecraft) [STDOUT]: navigationOrder: 9, position: 652.0, 326.0
[17:02:04] [Render thread/INFO] (Minecraft) [STDOUT]: navigationOrder: 10, position: 968.0, 326.0
[17:02:04] [Render thread/INFO] (Minecraft) [STDOUT]: navigationOrder: 11, position: 652.0, 374.0
[17:02:04] [Render thread/INFO] (Minecraft) [STDOUT]: navigationOrder: 12, position: 968.0, 374.0
[17:02:04] [Render thread/INFO] (Minecraft) [STDOUT]: navigationOrder: 13, position: 760.0, 1000.0
[17:02:04] [Render thread/INFO] (Minecraft) [STDOUT]: net.minecraft.client.gui.widget.ButtonWidget is instanceof Widget
[17:02:04] [Render thread/INFO] (Minecraft) [STDOUT]: net.minecraft.client.gui.widget.ButtonWidget is instanceof Widget
[17:02:04] [Render thread/INFO] (Minecraft) [STDOUT]: net.minecraft.client.gui.widget.ButtonWidget is instanceof Widget
[17:02:04] [Render thread/INFO] (Minecraft) [STDOUT]: net.minecraft.client.gui.widget.TextIconButtonWidget$IconOnly is NOT instanceof Widget
[17:02:04] [Render thread/INFO] (Minecraft) [STDOUT]: net.minecraft.client.gui.widget.ButtonWidget is instanceof Widget
[17:02:04] [Render thread/INFO] (Minecraft) [STDOUT]: net.minecraft.client.gui.widget.ButtonWidget is instanceof Widget
[17:02:04] [Render thread/INFO] (Minecraft) [STDOUT]: net.minecraft.client.gui.widget.TextIconButtonWidget$IconOnly is NOT instanceof Widget
[17:02:04] [Render thread/INFO] (Minecraft) [STDOUT]: net.minecraft.client.gui.widget.PressableTextWidget is instanceof Widget
[17:02:05] [Render thread/INFO] (Minecraft) [STDOUT]: net.minecraft.client.gui.widget.TextWidget is instanceof Widget
[17:02:05] [Render thread/INFO] (Minecraft) [STDOUT]: net.minecraft.client.gui.widget.NarratedMultilineTextWidget is instanceof Widget
[17:02:05] [Render thread/INFO] (Minecraft) [STDOUT]: net.minecraft.client.gui.widget.CheckboxWidget is instanceof Widget
[17:02:05] [Render thread/INFO] (Minecraft) [STDOUT]: net.minecraft.client.gui.widget.ButtonWidget is instanceof Widget
[17:02:05] [Render thread/INFO] (Minecraft) [STDOUT]: net.minecraft.client.gui.widget.ButtonWidget is instanceof Widget
[17:02:05] [Render thread/INFO] (Minecraft) OpenGL debug message: id=1282, source=API, type=ERROR, severity=HIGH, message='Error has been generated. GL error GL_INVALID_OPERATION in (null): (ID: 173538523) Generic error'
[17:02:05] [Render thread/INFO] (Minecraft) OpenGL debug message: id=1282, source=API, type=ERROR, severity=HIGH, message='Error has been generated. GL error GL_INVALID_OPERATION in (null): (ID: 173538523) Generic error'
[17:02:06] [Render thread/INFO] (Minecraft) [STDOUT]: New thingy
[17:02:06] [Render thread/INFO] (Minecraft) [STDOUT]: navigationOrder: 0, position: 766.0, 414.0
[17:02:06] [Render thread/INFO] (Minecraft) [STDOUT]: navigationOrder: 1, position: 88.0, 288.0
[17:02:06] [Render thread/INFO] (Minecraft) [STDOUT]: navigationOrder: 2, position: 784.0, 548.0
[17:02:06] [Render thread/INFO] (Minecraft) [STDOUT]: navigationOrder: 3, position: 650.0, 598.0
[17:02:06] [Render thread/INFO] (Minecraft) [STDOUT]: navigationOrder: 4, position: 966.0, 598.0
[17:02:06] [Render thread/INFO] (Minecraft) [STDOUT]: net.minecraft.client.gui.widget.ButtonWidget is instanceof Widget
[17:02:06] [Render thread/INFO] (Minecraft) [STDOUT]: net.minecraft.client.gui.widget.ButtonWidget is instanceof Widget
[17:02:06] [Render thread/INFO] (Minecraft) [STDOUT]: net.minecraft.client.gui.widget.ButtonWidget is instanceof Widget
[17:02:06] [Render thread/INFO] (Minecraft) [STDOUT]: net.minecraft.client.gui.widget.TextIconButtonWidget$IconOnly is NOT instanceof Widget
[17:02:07] [Render thread/INFO] (Minecraft) [STDOUT]: net.minecraft.client.gui.widget.ButtonWidget is instanceof Widget
[17:02:07] [Render thread/INFO] (Minecraft) [STDOUT]: net.minecraft.client.gui.widget.ButtonWidget is instanceof Widget
[17:02:07] [Render thread/INFO] (Minecraft) [STDOUT]: net.minecraft.client.gui.widget.TextIconButtonWidget$IconOnly is NOT instanceof Widget
[17:02:07] [Render thread/INFO] (Minecraft) [STDOUT]: net.minecraft.client.gui.widget.PressableTextWidget is instanceof Widget
[17:02:08] [Render thread/INFO] (Minecraft) [STDOUT]: New thingy
[17:02:08] [Render thread/INFO] (Minecraft) [STDOUT]: navigationOrder: 0, position: 760.0, 358.0
[17:02:08] [Render thread/INFO] (Minecraft) [STDOUT]: navigationOrder: 1, position: 1183.0, 438.0
[17:02:08] [Render thread/INFO] (Minecraft) [STDOUT]: navigationOrder: 2, position: 760.0, 454.0
[17:02:08] [Render thread/INFO] (Minecraft) [STDOUT]: navigationOrder: 3, position: 760.0, 526.0
[17:02:08] [Render thread/INFO] (Minecraft) [STDOUT]: navigationOrder: 4, position: 964.0, 526.0
[17:02:08] [Render thread/INFO] (Minecraft) [STDOUT]: navigationOrder: 5, position: 1524.0, 1032.0
[17:02:08] [Render thread/INFO] (Minecraft) [STDOUT]: net.minecraft.client.gui.widget.ButtonWidget is instanceof Widget
[17:02:08] [Render thread/INFO] (Minecraft) [STDOUT]: net.minecraft.client.gui.screen.TitleScreen
[17:02:08] [Render thread/INFO] (Minecraft) [STDOUT]: Setting height, width, x and y to: 40.0400.0760.0358.0
[17:02:08] [Render thread/INFO] (Minecraft) [STDOUT]: net.minecraft.client.gui.widget.ButtonWidget is instanceof Widget
[17:02:08] [Render thread/INFO] (Minecraft) [STDOUT]: net.minecraft.client.gui.screen.TitleScreen
[17:02:08] [Render thread/INFO] (Minecraft) [STDOUT]: Setting height, width, x and y to: 40.0400.01183.0438.0
[17:02:08] [Render thread/INFO] (Minecraft) [STDOUT]: net.minecraft.client.gui.widget.ButtonWidget is instanceof Widget
[17:02:08] [Render thread/INFO] (Minecraft) [STDOUT]: net.minecraft.client.gui.screen.TitleScreen
[17:02:08] [Render thread/INFO] (Minecraft) [STDOUT]: Setting height, width, x and y to: 40.0400.0760.0454.0
[17:02:08] [Render thread/INFO] (Minecraft) [STDOUT]: net.minecraft.client.gui.widget.TextIconButtonWidget$IconOnly is NOT instanceof Widget
[17:02:08] [Render thread/INFO] (Minecraft) [STDOUT]: net.minecraft.client.gui.widget.ButtonWidget is instanceof Widget
[17:02:08] [Render thread/INFO] (Minecraft) [STDOUT]: net.minecraft.client.gui.screen.TitleScreen
[17:02:08] [Render thread/INFO] (Minecraft) [STDOUT]: Setting height, width, x and y to: 40.0196.0760.0526.0
[17:02:08] [Render thread/INFO] (Minecraft) [STDOUT]: net.minecraft.client.gui.widget.ButtonWidget is instanceof Widget
[17:02:08] [Render thread/INFO] (Minecraft) [STDOUT]: net.minecraft.client.gui.screen.TitleScreen
[17:02:08] [Render thread/INFO] (Minecraft) [STDOUT]: Setting height, width, x and y to: 40.0196.0964.0526.0
[17:02:08] [Render thread/INFO] (Minecraft) [STDOUT]: net.minecraft.client.gui.widget.TextIconButtonWidget$IconOnly is NOT instanceof Widget
[17:02:08] [Render thread/INFO] (Minecraft) [STDOUT]: net.minecraft.client.gui.widget.PressableTextWidget is instanceof Widget
[17:02:08] [Render thread/INFO] (Minecraft) [STDOUT]: net.minecraft.client.gui.screen.TitleScreen
[17:02:08] [Render thread/INFO] (Minecraft) [STDOUT]: Setting height, width, x and y to: 32.0392.01524.01032.0
[17:02:09] [Render thread/INFO] (Minecraft) [STDOUT]: New thingy
[17:02:09] [Render thread/INFO] (Minecraft) [STDOUT]: navigationOrder: 0, position: 760.0, 358.0
[17:02:09] [Render thread/INFO] (Minecraft) [STDOUT]: navigationOrder: 1, position: 1123.0, 262.0
[17:02:09] [Render thread/INFO] (Minecraft) [STDOUT]: navigationOrder: 2, position: 760.0, 454.0
[17:02:09] [Render thread/INFO] (Minecraft) [STDOUT]: navigationOrder: 3, position: 760.0, 526.0
[17:02:09] [Render thread/INFO] (Minecraft) [STDOUT]: navigationOrder: 4, position: 964.0, 526.0
[17:02:09] [Render thread/INFO] (Minecraft) [STDOUT]: navigationOrder: 5, position: 1524.0, 1032.0
[17:02:09] [Render thread/INFO] (Minecraft) [STDOUT]: net.minecraft.client.gui.widget.ButtonWidget is instanceof Widget
[17:02:09] [Render thread/INFO] (Minecraft) [STDOUT]: net.minecraft.client.gui.screen.TitleScreen
[17:02:09] [Render thread/INFO] (Minecraft) [STDOUT]: Setting height, width, x and y to: 40.0400.0760.0358.0
[17:02:09] [Render thread/INFO] (Minecraft) [STDOUT]: net.minecraft.client.gui.widget.ButtonWidget is instanceof Widget
[17:02:09] [Render thread/INFO] (Minecraft) [STDOUT]: net.minecraft.client.gui.screen.TitleScreen
[17:02:09] [Render thread/INFO] (Minecraft) [STDOUT]: Setting height, width, x and y to: 40.0400.01123.0262.0
[17:02:09] [Render thread/INFO] (Minecraft) [STDOUT]: net.minecraft.client.gui.widget.ButtonWidget is instanceof Widget
[17:02:09] [Render thread/INFO] (Minecraft) [STDOUT]: net.minecraft.client.gui.screen.TitleScreen
[17:02:09] [Render thread/INFO] (Minecraft) [STDOUT]: Setting height, width, x and y to: 40.0400.0760.0454.0
[17:02:09] [Render thread/INFO] (Minecraft) [STDOUT]: net.minecraft.client.gui.widget.TextIconButtonWidget$IconOnly is NOT instanceof Widget
[17:02:09] [Render thread/INFO] (Minecraft) [STDOUT]: net.minecraft.client.gui.widget.ButtonWidget is instanceof Widget
[17:02:09] [Render thread/INFO] (Minecraft) [STDOUT]: net.minecraft.client.gui.screen.TitleScreen
[17:02:09] [Render thread/INFO] (Minecraft) [STDOUT]: Setting height, width, x and y to: 40.0196.0760.0526.0
[17:02:09] [Render thread/INFO] (Minecraft) [STDOUT]: net.minecraft.client.gui.widget.ButtonWidget is instanceof Widget
[17:02:09] [Render thread/INFO] (Minecraft) [STDOUT]: net.minecraft.client.gui.screen.TitleScreen
[17:02:09] [Render thread/INFO] (Minecraft) [STDOUT]: Setting height, width, x and y to: 40.0196.0964.0526.0
[17:02:09] [Render thread/INFO] (Minecraft) [STDOUT]: net.minecraft.client.gui.widget.TextIconButtonWidget$IconOnly is NOT instanceof Widget
[17:02:09] [Render thread/INFO] (Minecraft) [STDOUT]: net.minecraft.client.gui.widget.PressableTextWidget is instanceof Widget
[17:02:09] [Render thread/INFO] (Minecraft) [STDOUT]: net.minecraft.client.gui.screen.TitleScreen
[17:02:09] [Render thread/INFO] (Minecraft) [STDOUT]: Setting height, width, x and y to: 32.0392.01524.01032.0
[17:02:10] [Render thread/INFO] (Minecraft) Stopping!
